Watching for file changes with StatReloader
"GET / HTTP/1.1" 200 3691
"GET /static/css/custom.css HTTP/1.1" 200 90
"GET /static/js/main.js HTTP/1.1" 200 156
Not Found: /favicon.ico
"GET /favicon.ico HTTP/1.1" 404 3517
Internal Server Error: /design-tool/
Traceback (most recent call last):
  File "C:\Users\shiwansh\shirsti_printing\venv\Lib\site-packages\django\core\handlers\exception.py", line 55, in inner
    response = get_response(request)
  File "C:\Users\shiwansh\shirsti_printing\venv\Lib\site-packages\django\core\handlers\base.py", line 197, in _get_response
    response = wrapped_callback(request, *callback_args, **callback_kwargs)
  File "C:\Users\shiwansh\shirsti_printing\apps\design_tool\views.py", line 31, in design_tool_view
    return render(request, 'design_tool/designer.html', context)
  File "C:\Users\shiwansh\shirsti_printing\venv\Lib\site-packages\django\shortcuts.py", line 24, in render
    content = loader.render_to_string(template_name, context, request, using=using)
  File "C:\Users\shiwansh\shirsti_printing\venv\Lib\site-packages\django\template\loader.py", line 61, in render_to_string
    template = get_template(template_name, using=using)
  File "C:\Users\shiwansh\shirsti_printing\venv\Lib\site-packages\django\template\loader.py", line 19, in get_template
    raise TemplateDoesNotExist(template_name, chain=chain)
django.template.exceptions.TemplateDoesNotExist: design_tool/designer.html
"GET /design-tool/ HTTP/1.1" 500 90108
Not Found: /favicon.ico
"GET /favicon.ico HTTP/1.1" 404 3517
"GET /design-tool/ HTTP/1.1" 200 13723
"GET /static/css/custom.css HTTP/1.1" 200 90
"GET /static/js/main.js HTTP/1.1" 200 156
"GET /design-tool/ HTTP/1.1" 200 13723
Not Found: /services/comic-book-printing/
"GET /services/comic-book-printing/ HTTP/1.1" 404 4037
Not Found: /favicon.ico
"GET /favicon.ico HTTP/1.1" 404 3517
"GET /design-tool/ HTTP/1.1" 200 144306
"GET /static/css/custom.css HTTP/1.1" 304 0
"GET /static/js/main.js HTTP/1.1" 304 0
"GET /design-tool/ HTTP/1.1" 200 175174
"GET /design-tool/api/database-templates/?page=1&per_page=8 HTTP/1.1" 200 78
"GET /api/categories/ HTTP/1.1" 200 325
Not Found: /api/products/
"GET /api/products/ HTTP/1.1" 404 3797
Not Found: /products/ajax/calculate-price/
"GET /products/ajax/calculate-price/ HTTP/1.1" 404 3574
Internal Server Error: /design-tool/
Traceback (most recent call last):
  File "C:\Users\shiwansh\shirsti_printing\venv\Lib\site-packages\django\core\handlers\exception.py", line 55, in inner
    response = get_response(request)
  File "C:\Users\shiwansh\shirsti_printing\venv\Lib\site-packages\django\core\handlers\base.py", line 197, in _get_response
    response = wrapped_callback(request, *callback_args, **callback_kwargs)
  File "C:\Users\shiwansh\shirsti_printing\apps\design_tool\views.py", line 31, in design_tool_view
    return render(request, 'design_tool/designer.html', context)
  File "C:\Users\shiwansh\shirsti_printing\venv\Lib\site-packages\django\shortcuts.py", line 24, in render
    content = loader.render_to_string(template_name, context, request, using=using)
  File "C:\Users\shiwansh\shirsti_printing\venv\Lib\site-packages\django\template\loader.py", line 61, in render_to_string
    template = get_template(template_name, using=using)
  File "C:\Users\shiwansh\shirsti_printing\venv\Lib\site-packages\django\template\loader.py", line 15, in get_template
    return engine.get_template(template_name)
           ~~~~~~~~~~~~~~~~~~~^^^^^^^^^^^^^^^
  File "C:\Users\shiwansh\shirsti_printing\venv\Lib\site-packages\django\template\backends\django.py", line 33, in get_template
    return Template(self.engine.get_template(template_name), self)
                    ~~~~~~~~~~~~~~~~~~~~~~~~^^^^^^^^^^^^^^^
  File "C:\Users\shiwansh\shirsti_printing\venv\Lib\site-packages\django\template\engine.py", line 175, in get_template
    template, origin = self.find_template(template_name)
                       ~~~~~~~~~~~~~~~~~~^^^^^^^^^^^^^^^
  File "C:\Users\shiwansh\shirsti_printing\venv\Lib\site-packages\django\template\engine.py", line 157, in find_template
    template = loader.get_template(name, skip=skip)
  File "C:\Users\shiwansh\shirsti_printing\venv\Lib\site-packages\django\template\loaders\cached.py", line 57, in get_template
    template = super().get_template(template_name, skip)
  File "C:\Users\shiwansh\shirsti_printing\venv\Lib\site-packages\django\template\loaders\base.py", line 28, in get_template
    return Template(
        contents,
    ...<2 lines>...
        self.engine,
    )
  File "C:\Users\shiwansh\shirsti_printing\venv\Lib\site-packages\django\template\base.py", line 154, in __init__
    self.nodelist = self.compile_nodelist()
                    ~~~~~~~~~~~~~~~~~~~~~^^
  File "C:\Users\shiwansh\shirsti_printing\venv\Lib\site-packages\django\template\base.py", line 200, in compile_nodelist
    return parser.parse()
           ~~~~~~~~~~~~^^
  File "C:\Users\shiwansh\shirsti_printing\venv\Lib\site-packages\django\template\base.py", line 513, in parse
    raise self.error(token, e)
  File "C:\Users\shiwansh\shirsti_printing\venv\Lib\site-packages\django\template\base.py", line 511, in parse
    compiled_result = compile_func(self, token)
  File "C:\Users\shiwansh\shirsti_printing\venv\Lib\site-packages\django\template\loader_tags.py", line 293, in do_extends
    nodelist = parser.parse()
  File "C:\Users\shiwansh\shirsti_printing\venv\Lib\site-packages\django\template\base.py", line 513, in parse
    raise self.error(token, e)
  File "C:\Users\shiwansh\shirsti_printing\venv\Lib\site-packages\django\template\base.py", line 511, in parse
    compiled_result = compile_func(self, token)
  File "C:\Users\shiwansh\shirsti_printing\venv\Lib\site-packages\django\template\loader_tags.py", line 232, in do_block
    nodelist = parser.parse(("endblock",))
  File "C:\Users\shiwansh\shirsti_printing\venv\Lib\site-packages\django\template\base.py", line 518, in parse
    self.unclosed_block_tag(parse_until)
    ~~~~~~~~~~~~~~~~~~~~~~~^^^^^^^^^^^^^
  File "C:\Users\shiwansh\shirsti_printing\venv\Lib\site-packages\django\template\base.py", line 581, in unclosed_block_tag
    raise self.error(token, msg)
django.template.exceptions.TemplateSyntaxError: Unclosed tag on line 1086: 'block'. Looking for one of: endblock.
"GET /design-tool/ HTTP/1.1" 500 186090
Internal Server Error: /design-tool/
Traceback (most recent call last):
  File "C:\Users\shiwansh\shirsti_printing\venv\Lib\site-packages\django\core\handlers\exception.py", line 55, in inner
    response = get_response(request)
  File "C:\Users\shiwansh\shirsti_printing\venv\Lib\site-packages\django\core\handlers\base.py", line 197, in _get_response
    response = wrapped_callback(request, *callback_args, **callback_kwargs)
  File "C:\Users\shiwansh\shirsti_printing\apps\design_tool\views.py", line 31, in design_tool_view
    return render(request, 'design_tool/designer.html', context)
  File "C:\Users\shiwansh\shirsti_printing\venv\Lib\site-packages\django\shortcuts.py", line 24, in render
    content = loader.render_to_string(template_name, context, request, using=using)
  File "C:\Users\shiwansh\shirsti_printing\venv\Lib\site-packages\django\template\loader.py", line 61, in render_to_string
    template = get_template(template_name, using=using)
  File "C:\Users\shiwansh\shirsti_printing\venv\Lib\site-packages\django\template\loader.py", line 15, in get_template
    return engine.get_template(template_name)
           ~~~~~~~~~~~~~~~~~~~^^^^^^^^^^^^^^^
  File "C:\Users\shiwansh\shirsti_printing\venv\Lib\site-packages\django\template\backends\django.py", line 33, in get_template
    return Template(self.engine.get_template(template_name), self)
                    ~~~~~~~~~~~~~~~~~~~~~~~~^^^^^^^^^^^^^^^
  File "C:\Users\shiwansh\shirsti_printing\venv\Lib\site-packages\django\template\engine.py", line 175, in get_template
    template, origin = self.find_template(template_name)
                       ~~~~~~~~~~~~~~~~~~^^^^^^^^^^^^^^^
  File "C:\Users\shiwansh\shirsti_printing\venv\Lib\site-packages\django\template\engine.py", line 157, in find_template
    template = loader.get_template(name, skip=skip)
  File "C:\Users\shiwansh\shirsti_printing\venv\Lib\site-packages\django\template\loaders\cached.py", line 57, in get_template
    template = super().get_template(template_name, skip)
  File "C:\Users\shiwansh\shirsti_printing\venv\Lib\site-packages\django\template\loaders\base.py", line 28, in get_template
    return Template(
        contents,
    ...<2 lines>...
        self.engine,
    )
  File "C:\Users\shiwansh\shirsti_printing\venv\Lib\site-packages\django\template\base.py", line 154, in __init__
    self.nodelist = self.compile_nodelist()
                    ~~~~~~~~~~~~~~~~~~~~~^^
  File "C:\Users\shiwansh\shirsti_printing\venv\Lib\site-packages\django\template\base.py", line 200, in compile_nodelist
    return parser.parse()
           ~~~~~~~~~~~~^^
  File "C:\Users\shiwansh\shirsti_printing\venv\Lib\site-packages\django\template\base.py", line 513, in parse
    raise self.error(token, e)
  File "C:\Users\shiwansh\shirsti_printing\venv\Lib\site-packages\django\template\base.py", line 511, in parse
    compiled_result = compile_func(self, token)
  File "C:\Users\shiwansh\shirsti_printing\venv\Lib\site-packages\django\template\loader_tags.py", line 293, in do_extends
    nodelist = parser.parse()
  File "C:\Users\shiwansh\shirsti_printing\venv\Lib\site-packages\django\template\base.py", line 513, in parse
    raise self.error(token, e)
  File "C:\Users\shiwansh\shirsti_printing\venv\Lib\site-packages\django\template\base.py", line 511, in parse
    compiled_result = compile_func(self, token)
  File "C:\Users\shiwansh\shirsti_printing\venv\Lib\site-packages\django\template\loader_tags.py", line 232, in do_block
    nodelist = parser.parse(("endblock",))
  File "C:\Users\shiwansh\shirsti_printing\venv\Lib\site-packages\django\template\base.py", line 518, in parse
    self.unclosed_block_tag(parse_until)
    ~~~~~~~~~~~~~~~~~~~~~~~^^^^^^^^^^^^^
  File "C:\Users\shiwansh\shirsti_printing\venv\Lib\site-packages\django\template\base.py", line 581, in unclosed_block_tag
    raise self.error(token, msg)
django.template.exceptions.TemplateSyntaxError: Unclosed tag on line 1086: 'block'. Looking for one of: endblock.
"GET /design-tool/ HTTP/1.1" 500 186092
Internal Server Error: /design-tool/
Traceback (most recent call last):
  File "C:\Users\shiwansh\shirsti_printing\venv\Lib\site-packages\django\template\base.py", line 505, in parse
    compile_func = self.tags[command]
                   ~~~~~~~~~^^^^^^^^^
KeyError: 'end_block'

During handling of the above exception, another exception occurred:

Traceback (most recent call last):
  File "C:\Users\shiwansh\shirsti_printing\venv\Lib\site-packages\django\core\handlers\exception.py", line 55, in inner
    response = get_response(request)
  File "C:\Users\shiwansh\shirsti_printing\venv\Lib\site-packages\django\core\handlers\base.py", line 197, in _get_response
    response = wrapped_callback(request, *callback_args, **callback_kwargs)
  File "C:\Users\shiwansh\shirsti_printing\apps\design_tool\views.py", line 31, in design_tool_view
    return render(request, 'design_tool/designer.html', context)
  File "C:\Users\shiwansh\shirsti_printing\venv\Lib\site-packages\django\shortcuts.py", line 24, in render
    content = loader.render_to_string(template_name, context, request, using=using)
  File "C:\Users\shiwansh\shirsti_printing\venv\Lib\site-packages\django\template\loader.py", line 61, in render_to_string
    template = get_template(template_name, using=using)
  File "C:\Users\shiwansh\shirsti_printing\venv\Lib\site-packages\django\template\loader.py", line 15, in get_template
    return engine.get_template(template_name)
           ~~~~~~~~~~~~~~~~~~~^^^^^^^^^^^^^^^
  File "C:\Users\shiwansh\shirsti_printing\venv\Lib\site-packages\django\template\backends\django.py", line 33, in get_template
    return Template(self.engine.get_template(template_name), self)
                    ~~~~~~~~~~~~~~~~~~~~~~~~^^^^^^^^^^^^^^^
  File "C:\Users\shiwansh\shirsti_printing\venv\Lib\site-packages\django\template\engine.py", line 175, in get_template
    template, origin = self.find_template(template_name)
                       ~~~~~~~~~~~~~~~~~~^^^^^^^^^^^^^^^
  File "C:\Users\shiwansh\shirsti_printing\venv\Lib\site-packages\django\template\engine.py", line 157, in find_template
    template = loader.get_template(name, skip=skip)
  File "C:\Users\shiwansh\shirsti_printing\venv\Lib\site-packages\django\template\loaders\cached.py", line 57, in get_template
    template = super().get_template(template_name, skip)
  File "C:\Users\shiwansh\shirsti_printing\venv\Lib\site-packages\django\template\loaders\base.py", line 28, in get_template
    return Template(
        contents,
    ...<2 lines>...
        self.engine,
    )
  File "C:\Users\shiwansh\shirsti_printing\venv\Lib\site-packages\django\template\base.py", line 154, in __init__
    self.nodelist = self.compile_nodelist()
                    ~~~~~~~~~~~~~~~~~~~~~^^
  File "C:\Users\shiwansh\shirsti_printing\venv\Lib\site-packages\django\template\base.py", line 200, in compile_nodelist
    return parser.parse()
           ~~~~~~~~~~~~^^
  File "C:\Users\shiwansh\shirsti_printing\venv\Lib\site-packages\django\template\base.py", line 513, in parse
    raise self.error(token, e)
  File "C:\Users\shiwansh\shirsti_printing\venv\Lib\site-packages\django\template\base.py", line 511, in parse
    compiled_result = compile_func(self, token)
  File "C:\Users\shiwansh\shirsti_printing\venv\Lib\site-packages\django\template\loader_tags.py", line 293, in do_extends
    nodelist = parser.parse()
  File "C:\Users\shiwansh\shirsti_printing\venv\Lib\site-packages\django\template\base.py", line 513, in parse
    raise self.error(token, e)
  File "C:\Users\shiwansh\shirsti_printing\venv\Lib\site-packages\django\template\base.py", line 511, in parse
    compiled_result = compile_func(self, token)
  File "C:\Users\shiwansh\shirsti_printing\venv\Lib\site-packages\django\template\loader_tags.py", line 232, in do_block
    nodelist = parser.parse(("endblock",))
  File "C:\Users\shiwansh\shirsti_printing\venv\Lib\site-packages\django\template\base.py", line 507, in parse
    self.invalid_block_tag(token, command, parse_until)
    ~~~~~~~~~~~~~~~~~~~~~~^^^^^^^^^^^^^^^^^^^^^^^^^^^^^
  File "C:\Users\shiwansh\shirsti_printing\venv\Lib\site-packages\django\template\base.py", line 558, in invalid_block_tag
    raise self.error(
    ...<8 lines>...
    )
django.template.exceptions.TemplateSyntaxError: Invalid block tag on line 3755: 'end_block', expected 'endblock'. Did you forget to register or load this tag?
"GET /design-tool/ HTTP/1.1" 500 191748
"GET /design-tool/ HTTP/1.1" 200 143437
"GET /static/css/custom.css HTTP/1.1" 304 0
"GET /static/js/main.js HTTP/1.1" 304 0
"GET /design-tool/ HTTP/1.1" 200 175174
Not Found: /api/products/
"GET /api/products/ HTTP/1.1" 404 3797
"GET /api/categories/ HTTP/1.1" 200 325
"GET /design-tool/api/database-templates/?page=1&per_page=8 HTTP/1.1" 200 78
Not Found: /products/ajax/calculate-price/
"GET /products/ajax/calculate-price/ HTTP/1.1" 404 3574
"GET /design-tool/ HTTP/1.1" 200 175174
"GET /api/categories/ HTTP/1.1" 200 325
"GET /design-tool/api/database-templates/?page=1&per_page=8 HTTP/1.1" 200 78
Not Found: /api/products/
"GET /api/products/ HTTP/1.1" 404 3797
Not Found: /products/ajax/calculate-price/
"GET /products/ajax/calculate-price/ HTTP/1.1" 404 3574
Watching for file changes with StatReloader
Internal Server Error: /
Traceback (most recent call last):
  File "C:\Users\shiwansh\shirsti_printing\venv\Lib\site-packages\django\core\handlers\exception.py", line 55, in inner
    response = get_response(request)
  File "C:\Users\shiwansh\shirsti_printing\venv\Lib\site-packages\django\core\handlers\base.py", line 197, in _get_response
    response = wrapped_callback(request, *callback_args, **callback_kwargs)
  File "C:\Users\shiwansh\shirsti_printing\apps\core\views.py", line 18, in home_view
    return render(request, 'core/home.html', context)
  File "C:\Users\shiwansh\shirsti_printing\venv\Lib\site-packages\django\shortcuts.py", line 24, in render
    content = loader.render_to_string(template_name, context, request, using=using)
  File "C:\Users\shiwansh\shirsti_printing\venv\Lib\site-packages\django\template\loader.py", line 62, in render_to_string
    return template.render(context, request)
           ~~~~~~~~~~~~~~~^^^^^^^^^^^^^^^^^^
  File "C:\Users\shiwansh\shirsti_printing\venv\Lib\site-packages\django\template\backends\django.py", line 61, in render
    return self.template.render(context)
           ~~~~~~~~~~~~~~~~~~~~^^^^^^^^^
  File "C:\Users\shiwansh\shirsti_printing\venv\Lib\site-packages\django\template\base.py", line 175, in render
    return self._render(context)
           ~~~~~~~~~~~~^^^^^^^^^
  File "C:\Users\shiwansh\shirsti_printing\venv\Lib\site-packages\django\template\base.py", line 167, in _render
    return self.nodelist.render(context)
           ~~~~~~~~~~~~~~~~~~~~^^^^^^^^^
  File "C:\Users\shiwansh\shirsti_printing\venv\Lib\site-packages\django\template\base.py", line 1005, in render
    return SafeString("".join([node.render_annotated(context) for node in self]))
                               ~~~~~~~~~~~~~~~~~~~~~^^^^^^^^^
  File "C:\Users\shiwansh\shirsti_printing\venv\Lib\site-packages\django\template\base.py", line 966, in render_annotated
    return self.render(context)
           ~~~~~~~~~~~^^^^^^^^^
  File "C:\Users\shiwansh\shirsti_printing\venv\Lib\site-packages\django\template\loader_tags.py", line 157, in render
    return compiled_parent._render(context)
           ~~~~~~~~~~~~~~~~~~~~~~~^^^^^^^^^
  File "C:\Users\shiwansh\shirsti_printing\venv\Lib\site-packages\django\template\base.py", line 167, in _render
    return self.nodelist.render(context)
           ~~~~~~~~~~~~~~~~~~~~^^^^^^^^^
  File "C:\Users\shiwansh\shirsti_printing\venv\Lib\site-packages\django\template\base.py", line 1005, in render
    return SafeString("".join([node.render_annotated(context) for node in self]))
                               ~~~~~~~~~~~~~~~~~~~~~^^^^^^^^^
  File "C:\Users\shiwansh\shirsti_printing\venv\Lib\site-packages\django\template\base.py", line 966, in render_annotated
    return self.render(context)
           ~~~~~~~~~~~^^^^^^^^^
  File "C:\Users\shiwansh\shirsti_printing\venv\Lib\site-packages\django\template\defaulttags.py", line 471, in render
    url = reverse(view_name, args=args, kwargs=kwargs, current_app=current_app)
  File "C:\Users\shiwansh\shirsti_printing\venv\Lib\site-packages\django\urls\base.py", line 88, in reverse
    return resolver._reverse_with_prefix(view, prefix, *args, **kwargs)
           ~~~~~~~~~~~~~~~~~~~~~~~~~~~~~^^^^^^^^^^^^^^^^^^^^^^^^^^^^^^^
  File "C:\Users\shiwansh\shirsti_printing\venv\Lib\site-packages\django\urls\resolvers.py", line 828, in _reverse_with_prefix
    raise NoReverseMatch(msg)
django.urls.exceptions.NoReverseMatch: Reverse for 'list' not found. 'list' is not a valid view function or pattern name.
"GET / HTTP/1.1" 500 155102
Not Found: /favicon.ico
"GET /favicon.ico HTTP/1.1" 404 3517
C:\Users\shiwansh\shirsti_printing\apps\core\views.py changed, reloading.
Watching for file changes with StatReloader
C:\Users\shiwansh\shirsti_printing\apps\core\views.py changed, reloading.
Watching for file changes with StatReloader
C:\Users\shiwansh\shirsti_printing\apps\core\views.py changed, reloading.
Watching for file changes with StatReloader
C:\Users\shiwansh\shirsti_printing\apps\core\views.py changed, reloading.
Watching for file changes with StatReloader
C:\Users\shiwansh\shirsti_printing\apps\core\views.py changed, reloading.
Watching for file changes with StatReloader
C:\Users\shiwansh\shirsti_printing\apps\core\models.py changed, reloading.
Watching for file changes with StatReloader
C:\Users\shiwansh\shirsti_printing\apps\core\models.py changed, reloading.
Watching for file changes with StatReloader
C:\Users\shiwansh\shirsti_printing\apps\core\models.py changed, reloading.
Watching for file changes with StatReloader
C:\Users\shiwansh\shirsti_printing\apps\core\admin.py changed, reloading.
Watching for file changes with StatReloader
C:\Users\shiwansh\shirsti_printing\shirsti_printing\settings.py changed, reloading.
INFO 2025-09-23 23:18:48,815 autoreload 22588 28424 Watching for file changes with StatReloader
INFO 2025-09-23 23:18:57,166 autoreload 22588 28424 C:\Users\shiwansh\shirsti_printing\shirsti_printing\settings.py changed, reloading.
Watching for file changes with StatReloader
C:\Users\shiwansh\shirsti_printing\shirsti_printing\settings.py changed, reloading.
Watching for file changes with StatReloader
C:\Users\shiwansh\shirsti_printing\apps\services\models.py changed, reloading.
Watching for file changes with StatReloader
C:\Users\shiwansh\shirsti_printing\apps\services\models.py changed, reloading.
Watching for file changes with StatReloader
C:\Users\shiwansh\shirsti_printing\apps\core\views.py changed, reloading.
Watching for file changes with StatReloader
C:\Users\shiwansh\shirsti_printing\apps\core\models.py changed, reloading.
Watching for file changes with StatReloader
C:\Users\shiwansh\shirsti_printing\apps\core\admin.py changed, reloading.
Watching for file changes with StatReloader
